Build started 4/29/2012 1:33:08 PM.
     1>Project "C:\Users\Michael Bekesz\Desktop\MyProgs\Programming years 07 08\Fall07\First3D\First3D.vcxproj" on node 2 (build target(s)).
     1>InitializeBuildStatus:
         Creating ".\Debug\First3D.unsuccessfulbuild" because "AlwaysCreate" was specified.
       ClCompile:
         C:\Program Files (x86)\Microsoft Visual Studio 10.0\VC\bin\CL.exe /c /ZI /nologo /W3 /WX- /Od /Oy- /D WIN32 /D _DEBUG /D _CONSOLE /D _VC80_UPGRADE=0x0600 /D _MBCS /Gm /EHsc /RTC1 /MTd /GS /fp:precise /Zc:wchar_t /Zc:forScope /Fo".\Debug/" /Fd".\Debug/vc100.pdb" /Gd /TP /analyze- /errorReport:prompt First3DApp.cpp
         First3DApp.cpp
       ManifestResourceCompile:
         All outputs are up-to-date.
       Link:
         C:\Program Files (x86)\Microsoft Visual Studio 10.0\VC\bin\link.exe /ERRORREPORT:PROMPT /OUT:".\Debug/First3D.exe" /INCREMENTAL /NOLOGO kernel32.lib user32.lib gdi32.lib winspool.lib comdlg32.lib advapi32.lib shell32.lib ole32.lib oleaut32.lib uuid.lib odbc32.lib odbccp32.lib /MANIFEST /ManifestFile:".\Debug\First3D.exe.intermediate.manifest" /MANIFESTUAC:"level='asInvoker' uiAccess='false'" /DEBUG /PDB:".\Debug/First3D.pdb" /SUBSYSTEM:CONSOLE /TLBID:1 /DYNAMICBASE:NO /IMPLIB:".\Debug\First3D.lib" /MACHINE:X86 .\Debug\First3D.exe.embed.manifest.res
         .\Debug/First3DApp.obj
     1>LINK : warning LNK4098: defaultlib 'LIBCMT' conflicts with use of other libs; use /NODEFAULTLIB:library
       Manifest:
         C:\Program Files (x86)\Microsoft SDKs\Windows\v7.0A\bin\mt.exe /nologo /verbose /out:".\Debug\First3D.exe.embed.manifest" /manifest .\Debug\First3D.exe.intermediate.manifest
         All outputs are up-to-date.
       LinkEmbedManifest:
         All outputs are up-to-date.
         First3D.vcxproj -> C:\Users\Michael Bekesz\Desktop\MyProgs\Programming years 07 08\Fall07\First3D\.\Debug\First3D.exe
       FinalizeBuildStatus:
         Deleting file ".\Debug\First3D.unsuccessfulbuild".
         Touching ".\Debug\First3D.lastbuildstate".
     1>Done Building Project "C:\Users\Michael Bekesz\Desktop\MyProgs\Programming years 07 08\Fall07\First3D\First3D.vcxproj" (build target(s)).

Build succeeded.

Time Elapsed 00:00:01.94
